<?xml version="1.0" encoding="UTF-8"?>
<!-- Generated by org.testng.reporters.JUnitXMLReporter -->
<testsuite hostname="DESKTOP-DURSOOV" name="Test" tests="3" failures="0" timestamp="25 May 2019 13:45:15 GMT" time="96.045" errors="0">
  <testcase name="testVerifyactitimeversion" time="20.344" classname="scripts.Verifyactitimeversion"/>
  <testcase name="testValidloginlogout" time="6.001" classname="scripts.Validloginlogout"/>
  <testcase name="testInvalidlogin" time="4.062" classname="scripts.Invalidlogin"/>
</testsuite> <!-- Test -->
